c:\users\ffili\onedrive\área de trabalho\jogo\game-bomberman-zumbi\platformer\bombzombie\debug\vc143.pdb
c:\users\ffili\onedrive\área de trabalho\jogo\game-bomberman-zumbi\platformer\bombzombie\debug\vc143.idb
c:\users\ffili\onedrive\área de trabalho\jogo\game-bomberman-zumbi\platformer\bombzombie\debug\renderer.obj
c:\users\ffili\onedrive\área de trabalho\jogo\game-bomberman-zumbi\platformer\bombzombie\debug\player.obj
c:\users\ffili\onedrive\área de trabalho\jogo\game-bomberman-zumbi\platformer\bombzombie\debug\gridset.obj
c:\users\ffili\onedrive\área de trabalho\jogo\game-bomberman-zumbi\platformer\bombzombie\debug\object.obj
c:\users\ffili\onedrive\área de trabalho\jogo\game-bomberman-zumbi\platformer\bombzombie\debug\image.obj
c:\users\ffili\onedrive\área de trabalho\jogo\game-bomberman-zumbi\platformer\bombzombie\debug\home.obj
c:\users\ffili\onedrive\área de trabalho\jogo\game-bomberman-zumbi\platformer\bombzombie\debug\heart.obj
c:\users\ffili\onedrive\área de trabalho\jogo\game-bomberman-zumbi\platformer\bombzombie\debug\bombzombie.obj
c:\users\ffili\onedrive\área de trabalho\jogo\game-bomberman-zumbi\platformer\bombzombie\debug\graphics.obj
c:\users\ffili\onedrive\área de trabalho\jogo\game-bomberman-zumbi\platformer\bombzombie\debug\geometry.obj
c:\users\ffili\onedrive\área de trabalho\jogo\game-bomberman-zumbi\platformer\bombzombie\debug\gameover.obj
c:\users\ffili\onedrive\área de trabalho\jogo\game-bomberman-zumbi\platformer\bombzombie\debug\game.obj
c:\users\ffili\onedrive\área de trabalho\jogo\game-bomberman-zumbi\platformer\bombzombie\debug\font.obj
c:\users\ffili\onedrive\área de trabalho\jogo\game-bomberman-zumbi\platformer\bombzombie\debug\fence.obj
c:\users\ffili\onedrive\área de trabalho\jogo\game-bomberman-zumbi\platformer\bombzombie\debug\explosion.obj
c:\users\ffili\onedrive\área de trabalho\jogo\game-bomberman-zumbi\platformer\bombzombie\debug\engine.obj
c:\users\ffili\onedrive\área de trabalho\jogo\game-bomberman-zumbi\platformer\bombzombie\debug\bomb.obj
c:\users\ffili\onedrive\área de trabalho\jogo\game-bomberman-zumbi\platformer\bombzombie\debug\background.obj
c:\users\ffili\onedrive\área de trabalho\jogo\game-bomberman-zumbi\platformer\bombzombie\debug\animation.obj
c:\users\ffili\onedrive\área de trabalho\jogo\game-bomberman-zumbi\platformer\bombzombie\debug\zombie.obj
c:\users\ffili\onedrive\área de trabalho\jogo\game-bomberman-zumbi\platformer\bombzombie\debug\window.obj
c:\users\ffili\onedrive\área de trabalho\jogo\game-bomberman-zumbi\platformer\bombzombie\debug\timer.obj
c:\users\ffili\onedrive\área de trabalho\jogo\game-bomberman-zumbi\platformer\bombzombie\debug\tileset.obj
c:\users\ffili\onedrive\área de trabalho\jogo\game-bomberman-zumbi\platformer\bombzombie\debug\texture.obj
c:\users\ffili\onedrive\área de trabalho\jogo\game-bomberman-zumbi\platformer\bombzombie\debug\sprite.obj
c:\users\ffili\onedrive\área de trabalho\jogo\game-bomberman-zumbi\platformer\bombzombie\debug\scene.obj
c:\users\ffili\onedrive\área de trabalho\jogo\game-bomberman-zumbi\platformer\bombzombie\debug\score.obj
c:\users\ffili\onedrive\área de trabalho\jogo\game-bomberman-zumbi\platformer\shaders\pixel.cso
c:\users\ffili\onedrive\área de trabalho\jogo\game-bomberman-zumbi\platformer\shaders\vertex.cso
c:\users\ffili\onedrive\área de trabalho\jogo\game-bomberman-zumbi\bombzombie\debug\bombzombie.exe
c:\users\ffili\onedrive\área de trabalho\jogo\game-bomberman-zumbi\platformer\bombzombie\debug\bombzombie.ilk
c:\users\ffili\onedrive\área de trabalho\jogo\game-bomberman-zumbi\bombzombie\debug\bombzombie.pdb
c:\users\ffili\onedrive\área de trabalho\jogo\game-bomberman-zumbi\platformer\bombzombie\debug\resources.res
c:\users\ffili\onedrive\área de trabalho\jogo\game-bomberman-zumbi\platformer\bombzombie\debug\bombzombie.tlog\cl.command.1.tlog
c:\users\ffili\onedrive\área de trabalho\jogo\game-bomberman-zumbi\platformer\bombzombie\debug\bombzombie.tlog\cl.read.1.tlog
c:\users\ffili\onedrive\área de trabalho\jogo\game-bomberman-zumbi\platformer\bombzombie\debug\bombzombie.tlog\cl.write.1.tlog
c:\users\ffili\onedrive\área de trabalho\jogo\game-bomberman-zumbi\platformer\bombzombie\debug\bombzombie.tlog\fxc.command.1.tlog
c:\users\ffili\onedrive\área de trabalho\jogo\game-bomberman-zumbi\platformer\bombzombie\debug\bombzombie.tlog\fxc.read.1.tlog
c:\users\ffili\onedrive\área de trabalho\jogo\game-bomberman-zumbi\platformer\bombzombie\debug\bombzombie.tlog\fxc.write.1.tlog
c:\users\ffili\onedrive\área de trabalho\jogo\game-bomberman-zumbi\platformer\bombzombie\debug\bombzombie.tlog\link.command.1.tlog
c:\users\ffili\onedrive\área de trabalho\jogo\game-bomberman-zumbi\platformer\bombzombie\debug\bombzombie.tlog\link.read.1.tlog
c:\users\ffili\onedrive\área de trabalho\jogo\game-bomberman-zumbi\platformer\bombzombie\debug\bombzombie.tlog\link.write.1.tlog
c:\users\ffili\onedrive\área de trabalho\jogo\game-bomberman-zumbi\platformer\bombzombie\debug\bombzombie.tlog\rc.command.1.tlog
c:\users\ffili\onedrive\área de trabalho\jogo\game-bomberman-zumbi\platformer\bombzombie\debug\bombzombie.tlog\rc.read.1.tlog
c:\users\ffili\onedrive\área de trabalho\jogo\game-bomberman-zumbi\platformer\bombzombie\debug\bombzombie.tlog\rc.write.1.tlog
