  compilation object save succeeded; see D:\Users\vitor\git\Game-Bomberman-Zumbi\Platformer\Shaders\Pixel.cso
  compilation object save succeeded; see D:\Users\vitor\git\Game-Bomberman-Zumbi\Platformer\Shaders\Vertex.cso
  Animation.cpp
  Background.cpp
  Bomb.cpp
D:\Users\vitor\git\Game-Bomberman-Zumbi\Platformer\Bomb.cpp(52,27): warning C4018: '<': incompatibilidade de signed/unsigned
D:\Users\vitor\git\Game-Bomberman-Zumbi\Platformer\Bomb.cpp(58,27): warning C4018: '<': incompatibilidade de signed/unsigned
D:\Users\vitor\git\Game-Bomberman-Zumbi\Platformer\Bomb.cpp(64,27): warning C4018: '<': incompatibilidade de signed/unsigned
D:\Users\vitor\git\Game-Bomberman-Zumbi\Platformer\Bomb.cpp(70,27): warning C4018: '<': incompatibilidade de signed/unsigned
  Engine.cpp
  Explosion.cpp
  Fence.cpp
  Game.cpp
  GameOver.cpp
  Geometry.cpp
  Graphics.cpp
  BombZombie.cpp
  Heart.cpp
  Home.cpp
  Image.cpp
  Object.cpp
  GridSet.cpp
  Player.cpp
  Renderer.cpp
  Scene.cpp
  Sprite.cpp
  Gerando Código...
  Compilando...
  Texture.cpp
  TileSet.cpp
  Timer.cpp
  Window.cpp
  Zombie.cpp
  Gerando Código...
  Platformer.vcxproj -> D:\Users\vitor\git\Game-Bomberman-Zumbi\BombZombie\Debug\BombZombie.exe
