D:\Program Files\Microsoft Visual Studio\2022\Community\MSBuild\Microsoft\VC\v170\Microsoft.CppBuild.targets(514,5): warning MSB8028: O diretório intermediário (x64\Debug\) contém arquivos compartilhados de outro projeto (Platformer.vcxproj). Isso pode levar a um comportamento incorreto de limpeza e recompilação.
  compilation object save succeeded; see D:\Users\vitor\git\Game-Bomberman-Zumbi\Platformer\Shaders\Pixel.cso
  compilation object save succeeded; see D:\Users\vitor\git\Game-Bomberman-Zumbi\Platformer\Shaders\Vertex.cso
  Animation.cpp
  Background.cpp
  Engine.cpp
  Game.cpp
  Geometry.cpp
  Graphics.cpp
  Platformer.cpp
D:\Users\vitor\git\Game-Bomberman-Zumbi\Platformer\Platformer.cpp(30,42): warning C4244: 'argumento': conversão de 'int' para 'float', possível perda de dados
  Image.cpp
  Object.cpp
  Platform.cpp
D:\Users\vitor\git\Game-Bomberman-Zumbi\Platformer\Platform.cpp(31,14): warning C4244: 'inicializando': conversão de 'int' para 'float', possível perda de dados
D:\Users\vitor\git\Game-Bomberman-Zumbi\Platformer\Platform.cpp(32,14): warning C4244: 'inicializando': conversão de 'int' para 'float', possível perda de dados
D:\Users\vitor\git\Game-Bomberman-Zumbi\Platformer\Platform.cpp(33,14): warning C4244: 'inicializando': conversão de 'int' para 'float', possível perda de dados
D:\Users\vitor\git\Game-Bomberman-Zumbi\Platformer\Platform.cpp(34,14): warning C4244: 'inicializando': conversão de 'int' para 'float', possível perda de dados
  Player.cpp
D:\Users\vitor\git\Game-Bomberman-Zumbi\Platformer\Player.cpp(61,28): warning C4244: 'argumento': conversão de 'double' para 'float', possível perda de dados
D:\Users\vitor\git\Game-Bomberman-Zumbi\Platformer\Player.cpp(63,28): warning C4244: 'argumento': conversão de 'double' para 'float', possível perda de dados
D:\Users\vitor\git\Game-Bomberman-Zumbi\Platformer\Player.cpp(73,33): warning C4244: 'argumento': conversão de 'int' para 'float', possível perda de dados
  Renderer.cpp
  Scene.cpp
  Sprite.cpp
  Texture.cpp
  TileSet.cpp
  Timer.cpp
  Window.cpp
  Gerando Código...
  Platformer.vcxproj -> D:\Users\vitor\git\Game-Bomberman-Zumbi\x64\Debug\BombermanZumbi.exe
