  compilation object save succeeded; see D:\Users\vitor\git\Game-Bomberman-Zumbi\Platformer\Shaders\Pixel.cso
  compilation object save succeeded; see D:\Users\vitor\git\Game-Bomberman-Zumbi\Platformer\Shaders\Vertex.cso
  Animation.cpp
  Background.cpp
  Bullet.cpp
  Engine.cpp
  Game.cpp
  GameOver.cpp
  Geometry.cpp
  Graphics.cpp
  BombZombie.cpp
  Heart.cpp
  Home.cpp
  Image.cpp
  Object.cpp
  Pivot.cpp
  Player.cpp
  Renderer.cpp
  Scene.cpp
  Sprite.cpp
  Texture.cpp
  TileSet.cpp
  Compilando...
  Timer.cpp
  Window.cpp
  Zombie.cpp
  Gerando código
  Previous IPDB not found, fall back to full compilation.
  All 951 functions were compiled because no usable IPDB/IOBJ from previous compilation was found.
  Finalizada a geração de código
  Platformer.vcxproj -> D:\Users\vitor\git\Game-Bomberman-Zumbi\x64\Release\BombZombie.exe
